Arguments: 
  /usr/local/Cellar/node/9.9.0/bin/node /usr/local/bin/yarn build

PATH: 
  /Library/Frameworks/Python.framework/Versions/3.6/bin:/Library/Frameworks/Python.framework/Versions/2.7/bin:/usr/local/bin:/usr/bin:/bin:/usr/sbin:/sbin:/Library/Frameworks/Python.framework/Versions/3.6/bin:/Library/Frameworks/Python.framework/Versions/2.7/bin

Yarn version: 
  1.5.1

Node version: 
  9.9.0

Platform: 
  darwin x64

npm manifest: 
  {
    "name": "pong-2180",
    "version": "1.0.0",
    "description": "App that lets you play Pong over long distances in real-time.",
    "main": "server.js",
    "scripts": {
      "test": "node server.js",
      "start": "node server.js"
    },
    "repository": {
      "type": "git",
      "url": "git+https://github.com/ryandwalters/pong-2180.git"
    },
    "keywords": [
      "ReactJS",
      "MERN",
      "Stack",
      "Full",
      "Stack",
      "App"
    ],
    "author": "dscherer21 richbu ryandwalters tmoling",
    "license": "MIT",
    "bugs": {
      "url": "https://github.com/ryandwalters/pong-2180/issues"
    },
    "homepage": "https://github.com/ryandwalters/pong-2180#readme",
    "dependencies": {
      "bcrypt": "^2.0.1",
      "bcryptjs": "^2.4.3",
      "body-parser": "^1.18.2",
      "crypto": "^1.0.1",
      "dotenv": "^5.0.1",
      "express": "^4.16.3",
      "moment": "^2.22.1",
      "mongoose": "^5.0.14",
      "morgan": "^1.9.0",
      "mysql": "^2.15.0",
      "nodemailer": "^4.6.4",
      "path": "^0.12.7"
    },
    "devDependencies": {}
  }

yarn manifest: 
  No manifest

Lockfile: 
  No lockfile

Trace: 
  Error: Command "build" not found.
      at new MessageError (/usr/local/lib/node_modules/yarn/lib/cli.js:186:110)
      at /usr/local/lib/node_modules/yarn/lib/cli.js:87307:17
      at Generator.next (<anonymous>)
      at step (/usr/local/lib/node_modules/yarn/lib/cli.js:98:30)
      at /usr/local/lib/node_modules/yarn/lib/cli.js:116:14
      at new Promise (<anonymous>)
      at new F (/usr/local/lib/node_modules/yarn/lib/cli.js:23451:28)
      at /usr/local/lib/node_modules/yarn/lib/cli.js:95:12
      at runCommand (/usr/local/lib/node_modules/yarn/lib/cli.js:87312:22)
      at Object.<anonymous> (/usr/local/lib/node_modules/yarn/lib/cli.js:87412:14)
